<?xml version="1.0" encoding="UTF-8"?>
<testng-results ignored="0" total="1" passed="1" failed="0" skipped="0">
  <reporter-output>
  </reporter-output>
  <suite started-at="2023-04-27T08:47:25 IST" name="Default suite" finished-at="2023-04-27T08:47:25 IST" duration-ms="48">
    <groups>
    </groups>
    <test started-at="2023-04-27T08:47:25 IST" name="Default test" finished-at="2023-04-27T08:47:25 IST" duration-ms="48">
      <class name="demo.Demo">
        <test-method signature="script()[pri:0, instance:demo.Demo@2cd2a21f]" started-at="2023-04-27T08:47:25 IST" name="script" finished-at="2023-04-27T08:47:25 IST" duration-ms="9" status="PASS">
          <reporter-output>
          </reporter-output>
        </test-method> <!-- script -->
      </class> <!-- demo.Demo -->
    </test> <!-- Default test -->
  </suite> <!-- Default suite -->
</testng-results>
