<?xml version="1.0" encoding="UTF-8"?>
<testng-results ignored="0" total="1" passed="1" failed="0" skipped="0">
  <reporter-output>
  </reporter-output>
  <suite started-at="2023-04-28T08:28:56 IST" name="Default suite" finished-at="2023-04-28T08:28:56 IST" duration-ms="34">
    <groups>
    </groups>
    <test started-at="2023-04-28T08:28:56 IST" name="Default test" finished-at="2023-04-28T08:28:56 IST" duration-ms="34">
      <class name="demo.Democclass">
        <test-method signature="commit()[pri:0, instance:demo.Democclass@2cd2a21f]" started-at="2023-04-28T08:28:56 IST" name="commit" finished-at="2023-04-28T08:28:56 IST" duration-ms="8" status="PASS">
          <reporter-output>
          </reporter-output>
        </test-method> <!-- commit -->
      </class> <!-- demo.Democclass -->
    </test> <!-- Default test -->
  </suite> <!-- Default suite -->
</testng-results>
